app/build/intermediates/manifest_merge_blame_file/release/manifest-merger-blame-release-report.txt
1<?xml version="1.0" encoding="utf-8"?>
2<manifest xmlns:android="http://schemas.android.com/apk/res/android"
3    package="com.orbaic.miner"
4    android:versionCode="8"
5    android:versionName="1.0.8" >
6
7    <uses-sdk
8        android:minSdkVersion="21"
8-->src\main\AndroidManifest.xml
9        android:targetSdkVersion="33" />
9-->src\main\AndroidManifest.xml
10
11    <uses-permission android:name="android.permission.INTERNET" />
11-->src\main\AndroidManifest.xml:5:5-67
11-->src\main\AndroidManifest.xml:5:22-64
12    <uses-permission android:name="android.permission.ACCESS_NETWORK_STATE" />
12-->src\main\AndroidManifest.xml:6:5-79
12-->src\main\AndroidManifest.xml:6:22-76
13    <uses-permission android:name="android.permission.ACCESS_WIFI_STATE" />
13-->src\main\AndroidManifest.xml:7:5-76
13-->src\main\AndroidManifest.xml:7:22-73
14
15    <queries>
15-->[com.google.firebase:firebase-inappmessaging-display:20.3.2] AndroidManifest.xml:12:5-18:15
16        <intent>
16-->[com.google.firebase:firebase-inappmessaging-display:20.3.2] AndroidManifest.xml:13:9-17:18
17            <action android:name="android.intent.action.VIEW" />
17-->src\main\AndroidManifest.xml:26:17-69
17-->src\main\AndroidManifest.xml:26:25-66
18
19            <data android:scheme="https" />
19-->src\main\AndroidManifest.xml:31:17-33:46
19-->src\main\AndroidManifest.xml:33:21-43
20        </intent>
21        <!-- For browser content -->
22        <intent>
22-->[com.google.android.gms:play-services-ads-lite:22.1.0] AndroidManifest.xml:35:9-41:18
23            <action android:name="android.intent.action.VIEW" />
23-->src\main\AndroidManifest.xml:26:17-69
23-->src\main\AndroidManifest.xml:26:25-66
24
25            <category android:name="android.intent.category.BROWSABLE" />
25-->src\main\AndroidManifest.xml:29:17-78
25-->src\main\AndroidManifest.xml:29:27-75
26
27            <data android:scheme="https" />
27-->src\main\AndroidManifest.xml:31:17-33:46
27-->src\main\AndroidManifest.xml:33:21-43
28        </intent> <!-- End of browser content -->
29        <!-- For CustomTabsService -->
30        <intent>
30-->[com.google.android.gms:play-services-ads-lite:22.1.0] AndroidManifest.xml:44:9-46:18
31            <action android:name="android.support.customtabs.action.CustomTabsService" />
31-->[com.google.android.gms:play-services-ads-lite:22.1.0] AndroidManifest.xml:45:13-90
31-->[com.google.android.gms:play-services-ads-lite:22.1.0] AndroidManifest.xml:45:21-87
32        </intent>
33
34        <package android:name="com.facebook.katana" />
34-->[com.facebook.android:audience-network-sdk:6.14.0] AndroidManifest.xml:12:9-55
34-->[com.facebook.android:audience-network-sdk:6.14.0] AndroidManifest.xml:12:18-52
35    </queries>
36
37    <uses-permission android:name="android.permission.POST_NOTIFICATIONS" />
37-->[com.google.firebase:firebase-messaging:23.1.2] AndroidManifest.xml:25:5-77
37-->[com.google.firebase:firebase-messaging:23.1.2] AndroidManifest.xml:25:22-74
38    <uses-permission android:name="android.permission.WAKE_LOCK" /> <!-- Required by older versions of Google Play services to create IID tokens -->
38-->[com.google.firebase:firebase-messaging:23.1.2] AndroidManifest.xml:26:5-68
38-->[com.google.firebase:firebase-messaging:23.1.2] AndroidManifest.xml:26:22-65
39    <uses-permission android:name="com.google.android.c2dm.permission.RECEIVE" />
39-->[com.google.firebase:firebase-messaging:23.1.2] AndroidManifest.xml:28:5-82
39-->[com.google.firebase:firebase-messaging:23.1.2] AndroidManifest.xml:28:22-79
40    <uses-permission android:name="com.google.android.finsky.permission.BIND_GET_INSTALL_REFERRER_SERVICE" />
40-->[com.google.android.gms:play-services-measurement:21.3.0] AndroidManifest.xml:26:5-110
40-->[com.google.android.gms:play-services-measurement:21.3.0] AndroidManifest.xml:26:22-107
41    <uses-permission android:name="com.google.android.gms.permission.AD_ID" />
41-->[com.google.android.gms:play-services-measurement-impl:21.3.0] AndroidManifest.xml:27:5-79
41-->[com.google.android.gms:play-services-measurement-impl:21.3.0] AndroidManifest.xml:27:22-76
42    <uses-permission android:name="android.permission.FOREGROUND_SERVICE" />
42-->[androidx.work:work-runtime:2.7.0] AndroidManifest.xml:28:5-77
42-->[androidx.work:work-runtime:2.7.0] AndroidManifest.xml:28:22-74
43
44    <permission
44-->[androidx.core:core:1.9.0] AndroidManifest.xml:22:5-24:47
45        android:name="com.orbaic.miner.DYNAMIC_RECEIVER_NOT_EXPORTED_PERMISSION"
45-->[androidx.core:core:1.9.0] AndroidManifest.xml:23:9-81
46        android:protectionLevel="signature" />
46-->[androidx.core:core:1.9.0] AndroidManifest.xml:24:9-44
47
48    <uses-permission android:name="com.orbaic.miner.DYNAMIC_RECEIVER_NOT_EXPORTED_PERMISSION" />
48-->[androidx.core:core:1.9.0] AndroidManifest.xml:26:5-97
48-->[androidx.core:core:1.9.0] AndroidManifest.xml:26:22-94
49
50    <application
50-->src\main\AndroidManifest.xml:9:5-94:19
51        android:allowBackup="true"
51-->src\main\AndroidManifest.xml:10:9-35
52        android:appComponentFactory="androidx.core.app.CoreComponentFactory"
52-->[androidx.core:core:1.9.0] AndroidManifest.xml:28:18-86
53        android:dataExtractionRules="@xml/data_extraction_rules"
53-->src\main\AndroidManifest.xml:11:9-65
54        android:fullBackupContent="@xml/backup_rules"
54-->src\main\AndroidManifest.xml:12:9-54
55        android:hardwareAccelerated="true"
55-->[com.vungle:publisher-sdk-android:6.12.1] AndroidManifest.xml:16:18-52
56        android:icon="@drawable/app_logo_new"
56-->src\main\AndroidManifest.xml:13:9-46
57        android:label="@string/app_name"
57-->src\main\AndroidManifest.xml:14:9-41
58        android:roundIcon="@drawable/app_logo_new"
58-->src\main\AndroidManifest.xml:15:9-51
59        android:supportsRtl="true"
59-->src\main\AndroidManifest.xml:16:9-35
60        android:theme="@style/Theme.Orbaic" >
60-->src\main\AndroidManifest.xml:17:9-44
61        <activity
61-->src\main\AndroidManifest.xml:19:9-21:40
62            android:name="com.orbaic.miner.LearnEarnActivity"
62-->src\main\AndroidManifest.xml:20:13-46
63            android:exported="false" />
63-->src\main\AndroidManifest.xml:21:13-37
64        <activity
64-->src\main\AndroidManifest.xml:22:9-35:20
65            android:name="com.orbaic.miner.FirebaseDynamicLink"
65-->src\main\AndroidManifest.xml:23:13-48
66            android:exported="true" >
66-->src\main\AndroidManifest.xml:24:13-36
67            <intent-filter>
67-->src\main\AndroidManifest.xml:25:13-34:29
68                <action android:name="android.intent.action.VIEW" />
68-->src\main\AndroidManifest.xml:26:17-69
68-->src\main\AndroidManifest.xml:26:25-66
69
70                <category android:name="android.intent.category.DEFAULT" />
70-->src\main\AndroidManifest.xml:28:17-76
70-->src\main\AndroidManifest.xml:28:27-73
71                <category android:name="android.intent.category.BROWSABLE" />
71-->src\main\AndroidManifest.xml:29:17-78
71-->src\main\AndroidManifest.xml:29:27-75
72
73                <data
73-->src\main\AndroidManifest.xml:31:17-33:46
74                    android:host="orbaic.com"
74-->src\main\AndroidManifest.xml:32:21-46
75                    android:scheme="https" />
75-->src\main\AndroidManifest.xml:33:21-43
76            </intent-filter>
77        </activity>
78        <activity
78-->src\main\AndroidManifest.xml:36:9-38:40
79            android:name="com.orbaic.miner.ReferralData"
79-->src\main\AndroidManifest.xml:37:13-41
80            android:exported="false" />
80-->src\main\AndroidManifest.xml:38:13-37
81        <activity
81-->src\main\AndroidManifest.xml:39:9-41:40
82            android:name="com.orbaic.miner.WebViewContent"
82-->src\main\AndroidManifest.xml:40:13-43
83            android:exported="false" />
83-->src\main\AndroidManifest.xml:41:13-37
84        <activity
84-->src\main\AndroidManifest.xml:42:9-50:20
85            android:name="com.orbaic.miner.MainActivity2"
85-->src\main\AndroidManifest.xml:43:13-42
86            android:exported="false"
86-->src\main\AndroidManifest.xml:44:13-37
87            android:label="@string/title_activity_main2"
87-->src\main\AndroidManifest.xml:45:13-57
88            android:theme="@style/Theme.Orbaic.NoActionBar" >
88-->src\main\AndroidManifest.xml:46:13-60
89            <meta-data
89-->src\main\AndroidManifest.xml:47:13-49:36
90                android:name="android.app.lib_name"
90-->src\main\AndroidManifest.xml:48:17-52
91                android:value="" />
91-->src\main\AndroidManifest.xml:49:17-33
92        </activity>
93        <activity
93-->src\main\AndroidManifest.xml:51:9-54:20
94            android:name="com.orbaic.miner.ForgetPassword"
94-->src\main\AndroidManifest.xml:52:13-43
95            android:exported="false" >
95-->src\main\AndroidManifest.xml:53:13-37
96        </activity>
97        <activity
97-->src\main\AndroidManifest.xml:55:9-61:20
98            android:name="com.orbaic.miner.UserRegister"
98-->src\main\AndroidManifest.xml:56:13-41
99            android:exported="false" >
99-->src\main\AndroidManifest.xml:57:13-37
100            <meta-data
100-->src\main\AndroidManifest.xml:47:13-49:36
101                android:name="android.app.lib_name"
101-->src\main\AndroidManifest.xml:48:17-52
102                android:value="" />
102-->src\main\AndroidManifest.xml:49:17-33
103        </activity>
104        <activity
104-->src\main\AndroidManifest.xml:62:9-68:20
105            android:name="com.orbaic.miner.LoginLayout"
105-->src\main\AndroidManifest.xml:63:13-40
106            android:exported="false" >
106-->src\main\AndroidManifest.xml:64:13-37
107            <meta-data
107-->src\main\AndroidManifest.xml:47:13-49:36
108                android:name="android.app.lib_name"
108-->src\main\AndroidManifest.xml:48:17-52
109                android:value="" />
109-->src\main\AndroidManifest.xml:49:17-33
110        </activity>
111        <activity
111-->src\main\AndroidManifest.xml:69:9-81:20
112            android:name="com.orbaic.miner.MainActivity"
112-->src\main\AndroidManifest.xml:70:13-41
113            android:exported="true" >
113-->src\main\AndroidManifest.xml:71:13-36
114            <intent-filter>
114-->src\main\AndroidManifest.xml:72:13-76:29
115                <action android:name="android.intent.action.MAIN" />
115-->src\main\AndroidManifest.xml:73:17-69
115-->src\main\AndroidManifest.xml:73:25-66
116
117                <category android:name="android.intent.category.LAUNCHER" />
117-->src\main\AndroidManifest.xml:75:17-77
117-->src\main\AndroidManifest.xml:75:27-74
118            </intent-filter>
119
120            <meta-data
120-->src\main\AndroidManifest.xml:47:13-49:36
121                android:name="android.app.lib_name"
121-->src\main\AndroidManifest.xml:48:17-52
122                android:value="" />
122-->src\main\AndroidManifest.xml:49:17-33
123        </activity>
124
125        <service
125-->src\main\AndroidManifest.xml:83:9-89:19
126            android:name="com.orbaic.miner.FirebasePushNotification"
126-->src\main\AndroidManifest.xml:84:13-53
127            android:exported="false" >
127-->src\main\AndroidManifest.xml:85:13-37
128            <intent-filter>
128-->src\main\AndroidManifest.xml:86:13-88:29
129                <action android:name="com.google.firebase.INSTANCE_ID_EVENT" />
129-->src\main\AndroidManifest.xml:87:17-80
129-->src\main\AndroidManifest.xml:87:25-77
130            </intent-filter>
131        </service>
132
133        <meta-data
133-->src\main\AndroidManifest.xml:91:9-93:70
134            android:name="com.google.android.gms.ads.APPLICATION_ID"
134-->src\main\AndroidManifest.xml:92:13-69
135            android:value="ca-app-pub-9323045181924630~1237231879" />
135-->src\main\AndroidManifest.xml:93:13-67
136
137        <service
137-->[com.google.firebase:firebase-dynamic-links-ktx:21.1.0] AndroidManifest.xml:24:9-30:19
138            android:name="com.google.firebase.components.ComponentDiscoveryService"
138-->[com.google.firebase:firebase-dynamic-links-ktx:21.1.0] AndroidManifest.xml:25:13-84
139            android:directBootAware="true"
139-->[com.google.firebase:firebase-common:20.3.2] AndroidManifest.xml:34:13-43
140            android:exported="false" >
140-->[com.google.firebase:firebase-dynamic-links-ktx:21.1.0] AndroidManifest.xml:26:13-37
141            <meta-data
141-->[com.google.firebase:firebase-dynamic-links-ktx:21.1.0] AndroidManifest.xml:27:13-29:85
142                android:name="com.google.firebase.components:com.google.firebase.dynamiclinks.ktx.FirebaseDynamicLinksKtxRegistrar"
142-->[com.google.firebase:firebase-dynamic-links-ktx:21.1.0] AndroidManifest.xml:28:17-132
143                android:value="com.google.firebase.components.ComponentRegistrar" />
143-->[com.google.firebase:firebase-dynamic-links-ktx:21.1.0] AndroidManifest.xml:29:17-82
144            <meta-data
144-->[com.google.firebase:firebase-analytics-ktx:21.3.0] AndroidManifest.xml:11:13-13:85
145                android:name="com.google.firebase.components:com.google.firebase.analytics.ktx.FirebaseAnalyticsKtxRegistrar"
145-->[com.google.firebase:firebase-analytics-ktx:21.3.0] AndroidManifest.xml:12:17-126
146                android:value="com.google.firebase.components.ComponentRegistrar" />
146-->[com.google.firebase:firebase-analytics-ktx:21.3.0] AndroidManifest.xml:13:17-82
147            <meta-data
147-->[com.google.firebase:firebase-inappmessaging-display:20.3.2] AndroidManifest.xml:24:13-26:85
148                android:name="com.google.firebase.components:com.google.firebase.inappmessaging.display.FirebaseInAppMessagingDisplayRegistrar"
148-->[com.google.firebase:firebase-inappmessaging-display:20.3.2] AndroidManifest.xml:25:17-144
149                android:value="com.google.firebase.components.ComponentRegistrar" />
149-->[com.google.firebase:firebase-inappmessaging-display:20.3.2] AndroidManifest.xml:26:17-82
150            <meta-data
150-->[com.google.firebase:firebase-auth:22.0.0] AndroidManifest.xml:69:13-71:85
151                android:name="com.google.firebase.components:com.google.firebase.auth.FirebaseAuthRegistrar"
151-->[com.google.firebase:firebase-auth:22.0.0] AndroidManifest.xml:70:17-109
152                android:value="com.google.firebase.components.ComponentRegistrar" />
152-->[com.google.firebase:firebase-auth:22.0.0] AndroidManifest.xml:71:17-82
153            <meta-data
153-->[com.google.firebase:firebase-database:20.2.2] AndroidManifest.xml:31:13-33:85
154                android:name="com.google.firebase.components:com.google.firebase.database.DatabaseRegistrar"
154-->[com.google.firebase:firebase-database:20.2.2] AndroidManifest.xml:32:17-109
155                android:value="com.google.firebase.components.ComponentRegistrar" />
155-->[com.google.firebase:firebase-database:20.2.2] AndroidManifest.xml:33:17-82
156            <meta-data
156-->[com.google.firebase:firebase-messaging:23.1.2] AndroidManifest.xml:55:13-57:85
157                android:name="com.google.firebase.components:com.google.firebase.messaging.FirebaseMessagingRegistrar"
157-->[com.google.firebase:firebase-messaging:23.1.2] AndroidManifest.xml:56:17-119
158                android:value="com.google.firebase.components.ComponentRegistrar" />
158-->[com.google.firebase:firebase-messaging:23.1.2] AndroidManifest.xml:57:17-82
159            <meta-data
159-->[com.google.firebase:firebase-dynamic-links:21.1.0] AndroidManifest.xml:26:13-28:85
160                android:name="com.google.firebase.components:com.google.firebase.dynamiclinks.internal.FirebaseDynamicLinkRegistrar"
160-->[com.google.firebase:firebase-dynamic-links:21.1.0] AndroidManifest.xml:27:17-133
161                android:value="com.google.firebase.components.ComponentRegistrar" />
161-->[com.google.firebase:firebase-dynamic-links:21.1.0] AndroidManifest.xml:28:17-82
162            <meta-data
162-->[com.google.firebase:firebase-inappmessaging:20.3.2] AndroidManifest.xml:16:13-18:85
163                android:name="com.google.firebase.components:com.google.firebase.inappmessaging.FirebaseInAppMessagingRegistrar"
163-->[com.google.firebase:firebase-inappmessaging:20.3.2] AndroidManifest.xml:17:17-129
164                android:value="com.google.firebase.components.ComponentRegistrar" />
164-->[com.google.firebase:firebase-inappmessaging:20.3.2] AndroidManifest.xml:18:17-82
165            <meta-data
165-->[com.google.firebase:firebase-datatransport:18.1.7] AndroidManifest.xml:27:13-29:85
166                android:name="com.google.firebase.components:com.google.firebase.datatransport.TransportRegistrar"
166-->[com.google.firebase:firebase-datatransport:18.1.7] AndroidManifest.xml:28:17-115
167                android:value="com.google.firebase.components.ComponentRegistrar" />
167-->[com.google.firebase:firebase-datatransport:18.1.7] AndroidManifest.xml:29:17-82
168            <meta-data
168-->[com.google.android.gms:play-services-measurement-api:21.3.0] AndroidManifest.xml:31:13-33:85
169                android:name="com.google.firebase.components:com.google.firebase.analytics.connector.internal.AnalyticsConnectorRegistrar"
169-->[com.google.android.gms:play-services-measurement-api:21.3.0] AndroidManifest.xml:32:17-139
170                android:value="com.google.firebase.components.ComponentRegistrar" />
170-->[com.google.android.gms:play-services-measurement-api:21.3.0] AndroidManifest.xml:33:17-82
171            <meta-data
171-->[com.google.firebase:firebase-installations:17.1.3] AndroidManifest.xml:17:13-19:85
172                android:name="com.google.firebase.components:com.google.firebase.installations.FirebaseInstallationsRegistrar"
172-->[com.google.firebase:firebase-installations:17.1.3] AndroidManifest.xml:18:17-127
173                android:value="com.google.firebase.components.ComponentRegistrar" />
173-->[com.google.firebase:firebase-installations:17.1.3] AndroidManifest.xml:19:17-82
174            <meta-data
174-->[com.google.firebase:firebase-common-ktx:20.3.2] AndroidManifest.xml:14:13-16:85
175                android:name="com.google.firebase.components:com.google.firebase.ktx.FirebaseCommonKtxRegistrar"
175-->[com.google.firebase:firebase-common-ktx:20.3.2] AndroidManifest.xml:15:17-113
176                android:value="com.google.firebase.components.ComponentRegistrar" />
176-->[com.google.firebase:firebase-common-ktx:20.3.2] AndroidManifest.xml:16:17-82
177            <meta-data
177-->[com.google.firebase:firebase-abt:21.1.1] AndroidManifest.xml:12:13-14:85
178                android:name="com.google.firebase.components:com.google.firebase.abt.component.AbtRegistrar"
178-->[com.google.firebase:firebase-abt:21.1.1] AndroidManifest.xml:13:17-109
179                android:value="com.google.firebase.components.ComponentRegistrar" />
179-->[com.google.firebase:firebase-abt:21.1.1] AndroidManifest.xml:14:17-82
180        </service>
181
182        <activity
182-->[com.google.android.gms:play-services-auth:20.5.0] AndroidManifest.xml:23:9-27:75
183            android:name="com.google.android.gms.auth.api.signin.internal.SignInHubActivity"
183-->[com.google.android.gms:play-services-auth:20.5.0] AndroidManifest.xml:24:13-93
184            android:excludeFromRecents="true"
184-->[com.google.android.gms:play-services-auth:20.5.0] AndroidManifest.xml:25:13-46
185            android:exported="false"
185-->[com.google.android.gms:play-services-auth:20.5.0] AndroidManifest.xml:26:13-37
186            android:theme="@android:style/Theme.Translucent.NoTitleBar" />
186-->[com.google.android.gms:play-services-auth:20.5.0] AndroidManifest.xml:27:13-72
187        <!--
188            Service handling Google Sign-In user revocation. For apps that do not integrate with
189            Google Sign-In, this service will never be started.
190        -->
191        <service
191-->[com.google.android.gms:play-services-auth:20.5.0] AndroidManifest.xml:33:9-37:51
192            android:name="com.google.android.gms.auth.api.signin.RevocationBoundService"
192-->[com.google.android.gms:play-services-auth:20.5.0] AndroidManifest.xml:34:13-89
193            android:exported="true"
193-->[com.google.android.gms:play-services-auth:20.5.0] AndroidManifest.xml:35:13-36
194            android:permission="com.google.android.gms.auth.api.signin.permission.REVOCATION_NOTIFICATION"
194-->[com.google.android.gms:play-services-auth:20.5.0] AndroidManifest.xml:36:13-107
195            android:visibleToInstantApps="true" />
195-->[com.google.android.gms:play-services-auth:20.5.0] AndroidManifest.xml:37:13-48
196
197        <activity
197-->[com.google.firebase:firebase-auth:22.0.0] AndroidManifest.xml:29:9-46:20
198            android:name="com.google.firebase.auth.internal.GenericIdpActivity"
198-->[com.google.firebase:firebase-auth:22.0.0] AndroidManifest.xml:30:13-80
199            android:excludeFromRecents="true"
199-->[com.google.firebase:firebase-auth:22.0.0] AndroidManifest.xml:31:13-46
200            android:exported="true"
200-->[com.google.firebase:firebase-auth:22.0.0] AndroidManifest.xml:32:13-36
201            android:launchMode="singleTask"
201-->[com.google.firebase:firebase-auth:22.0.0] AndroidManifest.xml:33:13-44
202            android:theme="@android:style/Theme.Translucent.NoTitleBar" >
202-->[com.google.firebase:firebase-auth:22.0.0] AndroidManifest.xml:34:13-72
203            <intent-filter>
203-->[com.google.firebase:firebase-auth:22.0.0] AndroidManifest.xml:35:13-45:29
204                <action android:name="android.intent.action.VIEW" />
204-->src\main\AndroidManifest.xml:26:17-69
204-->src\main\AndroidManifest.xml:26:25-66
205
206                <category android:name="android.intent.category.DEFAULT" />
206-->src\main\AndroidManifest.xml:28:17-76
206-->src\main\AndroidManifest.xml:28:27-73
207                <category android:name="android.intent.category.BROWSABLE" />
207-->src\main\AndroidManifest.xml:29:17-78
207-->src\main\AndroidManifest.xml:29:27-75
208
209                <data
209-->src\main\AndroidManifest.xml:31:17-33:46
210                    android:host="firebase.auth"
210-->src\main\AndroidManifest.xml:32:21-46
211                    android:path="/"
212                    android:scheme="genericidp" />
212-->src\main\AndroidManifest.xml:33:21-43
213            </intent-filter>
214        </activity>
215        <activity
215-->[com.google.firebase:firebase-auth:22.0.0] AndroidManifest.xml:47:9-64:20
216            android:name="com.google.firebase.auth.internal.RecaptchaActivity"
216-->[com.google.firebase:firebase-auth:22.0.0] AndroidManifest.xml:48:13-79
217            android:excludeFromRecents="true"
217-->[com.google.firebase:firebase-auth:22.0.0] AndroidManifest.xml:49:13-46
218            android:exported="true"
218-->[com.google.firebase:firebase-auth:22.0.0] AndroidManifest.xml:50:13-36
219            android:launchMode="singleTask"
219-->[com.google.firebase:firebase-auth:22.0.0] AndroidManifest.xml:51:13-44
220            android:theme="@android:style/Theme.Translucent.NoTitleBar" >
220-->[com.google.firebase:firebase-auth:22.0.0] AndroidManifest.xml:52:13-72
221            <intent-filter>
221-->[com.google.firebase:firebase-auth:22.0.0] AndroidManifest.xml:53:13-63:29
222                <action android:name="android.intent.action.VIEW" />
222-->src\main\AndroidManifest.xml:26:17-69
222-->src\main\AndroidManifest.xml:26:25-66
223
224                <category android:name="android.intent.category.DEFAULT" />
224-->src\main\AndroidManifest.xml:28:17-76
224-->src\main\AndroidManifest.xml:28:27-73
225                <category android:name="android.intent.category.BROWSABLE" />
225-->src\main\AndroidManifest.xml:29:17-78
225-->src\main\AndroidManifest.xml:29:27-75
226
227                <data
227-->src\main\AndroidManifest.xml:31:17-33:46
228                    android:host="firebase.auth"
228-->src\main\AndroidManifest.xml:32:21-46
229                    android:path="/"
230                    android:scheme="recaptcha" />
230-->src\main\AndroidManifest.xml:33:21-43
231            </intent-filter>
232        </activity>
233
234        <provider
234-->[androidx.emoji2:emoji2:1.2.0] AndroidManifest.xml:24:9-32:20
235            android:name="androidx.startup.InitializationProvider"
235-->[androidx.emoji2:emoji2:1.2.0] AndroidManifest.xml:25:13-67
236            android:authorities="com.orbaic.miner.androidx-startup"
236-->[androidx.emoji2:emoji2:1.2.0] AndroidManifest.xml:26:13-68
237            android:exported="false" >
237-->[androidx.emoji2:emoji2:1.2.0] AndroidManifest.xml:27:13-37
238            <meta-data
238-->[androidx.emoji2:emoji2:1.2.0] AndroidManifest.xml:29:13-31:52
239                android:name="androidx.emoji2.text.EmojiCompatInitializer"
239-->[androidx.emoji2:emoji2:1.2.0] AndroidManifest.xml:30:17-75
240                android:value="androidx.startup" />
240-->[androidx.emoji2:emoji2:1.2.0] AndroidManifest.xml:31:17-49
241            <meta-data
241-->[com.unity3d.ads:unity-ads:4.7.1] AndroidManifest.xml:42:13-44:52
242                android:name="androidx.lifecycle.ProcessLifecycleInitializer"
242-->[com.unity3d.ads:unity-ads:4.7.1] AndroidManifest.xml:43:17-78
243                android:value="androidx.startup" />
243-->[com.unity3d.ads:unity-ads:4.7.1] AndroidManifest.xml:44:17-49
244            <meta-data
244-->[com.unity3d.ads:unity-ads:4.7.1] AndroidManifest.xml:45:13-47:52
245                android:name="com.unity3d.services.core.configuration.AdsSdkInitializer"
245-->[com.unity3d.ads:unity-ads:4.7.1] AndroidManifest.xml:46:17-89
246                android:value="androidx.startup" />
246-->[com.unity3d.ads:unity-ads:4.7.1] AndroidManifest.xml:47:17-49
247            <meta-data
247-->[androidx.work:work-runtime:2.7.0] AndroidManifest.xml:36:13-38:52
248                android:name="androidx.work.WorkManagerInitializer"
248-->[androidx.work:work-runtime:2.7.0] AndroidManifest.xml:37:17-68
249                android:value="androidx.startup" />
249-->[androidx.work:work-runtime:2.7.0] AndroidManifest.xml:38:17-49
250            <meta-data
250-->[androidx.profileinstaller:profileinstaller:1.3.0] AndroidManifest.xml:29:13-31:52
251                android:name="androidx.profileinstaller.ProfileInstallerInitializer"
251-->[androidx.profileinstaller:profileinstaller:1.3.0] AndroidManifest.xml:30:17-85
252                android:value="androidx.startup" />
252-->[androidx.profileinstaller:profileinstaller:1.3.0] AndroidManifest.xml:31:17-49
253        </provider>
254
255        <receiver
255-->[com.google.firebase:firebase-messaging:23.1.2] AndroidManifest.xml:31:9-38:20
256            android:name="com.google.firebase.iid.FirebaseInstanceIdReceiver"
256-->[com.google.firebase:firebase-messaging:23.1.2] AndroidManifest.xml:32:13-78
257            android:exported="true"
257-->[com.google.firebase:firebase-messaging:23.1.2] AndroidManifest.xml:33:13-36
258            android:permission="com.google.android.c2dm.permission.SEND" >
258-->[com.google.firebase:firebase-messaging:23.1.2] AndroidManifest.xml:34:13-73
259            <intent-filter>
259-->[com.google.firebase:firebase-messaging:23.1.2] AndroidManifest.xml:35:13-37:29
260                <action android:name="com.google.android.c2dm.intent.RECEIVE" />
260-->[com.google.firebase:firebase-messaging:23.1.2] AndroidManifest.xml:36:17-81
260-->[com.google.firebase:firebase-messaging:23.1.2] AndroidManifest.xml:36:25-78
261            </intent-filter>
262        </receiver>
263        <!--
264             FirebaseMessagingService performs security checks at runtime,
265             but set to not exported to explicitly avoid allowing another app to call it.
266        -->
267        <service
267-->[com.google.firebase:firebase-messaging:23.1.2] AndroidManifest.xml:44:9-51:19
268            android:name="com.google.firebase.messaging.FirebaseMessagingService"
268-->[com.google.firebase:firebase-messaging:23.1.2] AndroidManifest.xml:45:13-82
269            android:directBootAware="true"
269-->[com.google.firebase:firebase-messaging:23.1.2] AndroidManifest.xml:46:13-43
270            android:exported="false" >
270-->[com.google.firebase:firebase-messaging:23.1.2] AndroidManifest.xml:47:13-37
271            <intent-filter android:priority="-500" >
271-->[com.google.firebase:firebase-messaging:23.1.2] AndroidManifest.xml:48:13-50:29
271-->[com.google.firebase:firebase-messaging:23.1.2] AndroidManifest.xml:48:28-51
272                <action android:name="com.google.firebase.MESSAGING_EVENT" />
272-->[com.google.firebase:firebase-messaging:23.1.2] AndroidManifest.xml:49:17-78
272-->[com.google.firebase:firebase-messaging:23.1.2] AndroidManifest.xml:49:25-75
273            </intent-filter>
274        </service>
275
276        <receiver
276-->[com.google.android.gms:play-services-measurement:21.3.0] AndroidManifest.xml:29:9-33:20
277            android:name="com.google.android.gms.measurement.AppMeasurementReceiver"
277-->[com.google.android.gms:play-services-measurement:21.3.0] AndroidManifest.xml:30:13-85
278            android:enabled="true"
278-->[com.google.android.gms:play-services-measurement:21.3.0] AndroidManifest.xml:31:13-35
279            android:exported="false" >
279-->[com.google.android.gms:play-services-measurement:21.3.0] AndroidManifest.xml:32:13-37
280        </receiver>
281
282        <service
282-->[com.google.android.gms:play-services-measurement:21.3.0] AndroidManifest.xml:35:9-38:40
283            android:name="com.google.android.gms.measurement.AppMeasurementService"
283-->[com.google.android.gms:play-services-measurement:21.3.0] AndroidManifest.xml:36:13-84
284            android:enabled="true"
284-->[com.google.android.gms:play-services-measurement:21.3.0] AndroidManifest.xml:37:13-35
285            android:exported="false" />
285-->[com.google.android.gms:play-services-measurement:21.3.0] AndroidManifest.xml:38:13-37
286        <service
286-->[com.google.android.gms:play-services-measurement:21.3.0] AndroidManifest.xml:39:9-43:72